36530 36530 36530
36530 36530 36530
36504 36504 36504
35152 35152 35152
17576 17576 17576
4
0 0 0
0 0 0
0 0 0
0 0 0
0 0 0
0 0 0
0 0 0
0 0 0
0 0 0
1
90664 90664 90664
90662 90662 90662
90610 90610 90610
89258 89258 89258
54106 54106 54106
5
17628 17628 17628
17628 17628 17628
17602 17602 17602
17602 17602 17602
35178 35178 35178
35178 35178 35178
3
91392 91392 91392
91392 91392 91392
91314 91314 91314
89286 89286 89286
89286 89286 89286
3
1 1 1
0 0 0
26 26 26
3
26 26 26
26 26 26
26 26 26
26 26 26
1
