1970
1960
1960
1954
1958
1952
1956
1918
2044
2040
2040
2032
2040
2026
2042
2040
2040
2038
2038
2034
2034
2030
2032
2028
2028
2024
2026
2022
2022
2014
2022
1988
2081
2071
2084
2068
2099
2083
2083
2075
2075
2067
2067
2065
2065
2049
2067
2057
2068
2058
2058
2056
2056
2048
2055
2037
2059
2051
2059
2057
2057
2041
2059
2041
2076
2066
2077
2055
2103
2091
2091
2089
2089
2063
2126
2124
2124
2120
2120
2118
2118
2106
2125
2111
2128
2116
2133
2129
2131
2123
2131
2111
2150
2138
2157
2153
2153
2135
2170
2148
2199
2195
2195
2167
2167
2159
2159
2153
2158
2152
2152
2144
2144
2132
2140
2132
2140
2134
2134
2124
2124
2118
2118
2110
2117
2111
2111
2109
2109
2107
2107
2085
2110
2106
2108
2100
2100
2098
2098
2090
2098
2094
2096
2086
2086
2078
2078
2048
2142
2130
2130
2120
2133
2125
2125
2117
2117
2111
2111
2089
2137
2135
2135
2123
2134
2116
2149
2147
2147
2141
2141
2133
2140
2128
2128
2110
2143
2131
2131
2115
2144
2134
2144
2132
2132
2118
2139
2135
2135
2131
2131
2125
2125
2105
2105
2097
2105
2103
2103
2101
2101
2073
2130
2126
2126
2120
2120
2118
2118
2114
2116
2110
2110
2104
2109
2057
2242
2232
2241
2207
2274
2258
2258
2238
2277
2271
2271
2259
2271
2267
2267
2261
2266
2260
2260
2250
2263
2253
2253
2229
2229
2205
2205
2191
2204
2184
2232
2218
2218
2188
2269
2257
2271
2235
2369
2367
2367
2321
2321
2301
2301
2283
2319
2309
2320
2308
2308
2296
2308
2224
2726
2716
2716
2714
2714
2712
2712
2710
2710
2652
2942
2932
2932
2930
2930
2916
2916
2902
2902
2898
2898
2890
2890
2884
2884
2882
2882
2768
3489
3479
3479
3461
3497
3471
3471
3447
3504
3494
3507
3479
3554
3536
3536
3518
3554
3530
3560
3498
3498
3460
3502
3486
3500
3404
3404
3362
3439
3431
3431
3421
3421
3415
3415
3409
3409
3405
3405
3403
3403
3383
3383
3375
3375
3367
3367
3359
3367
3365
3365
3359
3359
3347
3347
3295
3295
3293
3293
3275
3275
3267
3274
3254
3287
3281
3281
3255
3284
3258
3327
3325
3325
3317
3324
3304
3343
3327
3327
3325
3325
3303
3317
3149
3476
3450
3520
3512
3512
3506
3506
3478
3478
3468
3479
3459
3485
3471
3471
3461
3470
3466
3468
3466
3466
3452
3452
3442
3442
3414
3414
3412
3412
3410
3410
3402
3408
3394
3415
3397
3397
3381
3381
3341
3410
3406
3406
3372
3481
3475
3480
3474
3474
3252
4002
4000
4000
3992
3992
3986
3986
3916
3916
3906
3917
3913
3913
3885
3885
3875
3875
3827
3827
3819
3819
3817
3817
3781
3906
3894
3913
3905
3905
3903
3903
3893
3893
3865
3865
3861
3861
3857
3857
3833
3850
3842
3848
3736
4524
4500
4500
4462
4504
4492
4505
4499
4499
4467
4538
4530
4530
4524
4524
4504
4522
4300
4300
4288
4302
4284
4284
4278
4278
4256
4256
4252
4252
4244
4244
4018
4685
4653
4653
4651
4651
4647
4647
4645
4645
4639
4639
4635
4635
4609
4609
4589
4589
4537
4584
4316
4316
4266
4312
4306
4306
4282
4328
4326
4326
4184
5428
5426
5426
5128
8180
8172
8172
7536
8165
8151
8160
8112
8112
8104
8104
8100
8100
8090
8095
8089
8089
7807
7807
7771
7803
7801
7801
7773
7773
7599
7599
7577
7577
7547
7547
7543
7543
7533
7533
7509
7533
7531
7531
7503
7503
6795
9117
9083
9194
9182
9196
9132
9132
8346
8346
7620
8310
8308
8308
8158
8294
8290
8290
8286
8286
8270
8295
8293
8293
8257
8257
8253
8253
8243
8254
8206
8244
8232
8232
8222
8235
8189
8189
8147
8147
8127
8127
8107
8125
8123
8123
8105
8105
7863
7863
7583
8399
8367
8367
8157
8345
8315
8315
8305
8305
8289
8289
7289
16083
14451
21095
21089
21089
21063
21063
21005
21005
20987
20987
20923
20923
18973
22876
22860
22860
22808
22808
22800
22800
22762
22762
20240
43775
40393
40393
37207
37207
37205
37205
36877
36877
36841
36841
36831
36831
36821
36829
36825
36825
36823
36823
36783
36905
36895
36900
36894
36894
36810
37050
37014
37105
37021
37180
37114
37114
36984
36984
36966
36966
33966
33966
30896
43210
43202
43202
43196
43196
42920
42920
42712
44832
41434
41434
38168
41351
41285
41285
38023
41202
41154
41154
40788
41163
41087
41087
40865
40865
40767
40767
40755
40763
40731
40731
40661
40730
40728
40728
40708
40708
40688
40739
40651
40651
37461
37461
37391
37391
37363
37363
37359
37359
37295
37295
37267
37267
37255
37255
34259
34259
34039
34672
34670
34670
34600
34733
34469
34469
34389
34389
34381
34381
34379
34379
34317
34317
31507
31507
31447
31447
31445
31445
31233
31233
31067
31067
30733
30733
27983
33500
30694
30694
30620
30620
27876
33268
30468
30468
30186
30186
30060
30060
29824
29824
29732
29732
29688
29688
27012
29610
29542
29611
26877
32245
32049
32049
29261
29261
29189
29333
26603
31958
29172
29172
29170
29170
27386
72166
72084
72084
71962
72536
72438
72438
67534
67534
62868
62868
62728
62728
58142
67153
62253
76818
76694
76694
71560
71560
66670
66670
62018
62018
57598
57598
57508
57508
57426
57426
57350
57350
53162
53162
49194
49194
44902
75773
70653
70653
65077
110931
104139
110788
104092
104092
97582
104044
97536
103904
97490
97490
91350
91350
91254
91254
85384
85384
79776
79776
74254
85121
79517
79517
74169
74169
69071
69071
64055
73921
73837
73837
68745
68745
63897
63897
59287
59287
54909
54909
50757
50757
46825
46825
43107
43107
39597
39597
36289
36289
36223
36223
33113
33113
30193
30193
27457
27457
24899
24899
22513
22513
20293
20293
20239
20239
18181
18181
16277
16277
14521
14521
12907
12907
11429
11429
10081
10081
8857
8857
7751
7751
6757
6757
6719
6719
5833
5833
5047
5047
4355
4355
3751
3751
3229
3229
2783
2783
2645
2717
2425
2425
2189
2189
2003
2003
1861
1861
1757
1757
1745
1745
1675
1675
1631
1631
1607
1607
1597
1597
1595
1595
1595
1595
